<?xml version="1.0" encoding="UTF-8"?>
<testsuite xmlns:xsi="http://www.w3.org/2001/XMLSchema-instance" xsi:noNamespaceSchemaLocation="https://maven.apache.org/surefire/maven-surefire-plugin/xsd/surefire-test-report.xsd" name="com.insuranceApp.journey.InsuranceClientIntegrationTest" time="2.105" tests="3" errors="0" skipped="0" failures="3">
  <properties>
    <property name="java.specification.version" value="20"/>
    <property name="sun.jnu.encoding" value="UTF-8"/>
    <property name="java.class.path" value="/Users/arminrad/Desktop/InsuranceApp/backend/target/test-classes:/Users/arminrad/Desktop/InsuranceApp/backend/target/classes:/Users/arminrad/.m2/repository/org/springframework/boot/spring-boot-starter-web/3.0.4/spring-boot-starter-web-3.0.4.jar:/Users/arminrad/.m2/repository/org/springframework/boot/spring-boot-starter/3.0.4/spring-boot-starter-3.0.4.jar:/Users/arminrad/.m2/repository/org/springframework/boot/spring-boot/3.0.4/spring-boot-3.0.4.jar:/Users/arminrad/.m2/repository/org/springframework/boot/spring-boot-autoconfigure/3.0.4/spring-boot-autoconfigure-3.0.4.jar:/Users/arminrad/.m2/repository/org/springframework/boot/spring-boot-starter-logging/3.0.4/spring-boot-starter-logging-3.0.4.jar:/Users/arminrad/.m2/repository/ch/qos/logback/logback-classic/1.4.5/logback-classic-1.4.5.jar:/Users/arminrad/.m2/repository/ch/qos/logback/logback-core/1.4.5/logback-core-1.4.5.jar:/Users/arminrad/.m2/repository/org/apache/logging/log4j/log4j-to-slf4j/2.19.0/log4j-to-slf4j-2.19.0.jar:/Users/arminrad/.m2/repository/org/apache/logging/log4j/log4j-api/2.19.0/log4j-api-2.19.0.jar:/Users/arminrad/.m2/repository/org/slf4j/jul-to-slf4j/2.0.6/jul-to-slf4j-2.0.6.jar:/Users/arminrad/.m2/repository/jakarta/annotation/jakarta.annotation-api/2.1.1/jakarta.annotation-api-2.1.1.jar:/Users/arminrad/.m2/repository/org/yaml/snakeyaml/1.33/snakeyaml-1.33.jar:/Users/arminrad/.m2/repository/org/springframework/boot/spring-boot-starter-json/3.0.4/spring-boot-starter-json-3.0.4.jar:/Users/arminrad/.m2/repository/com/fasterxml/jackson/core/jackson-databind/2.14.2/jackson-databind-2.14.2.jar:/Users/arminrad/.m2/repository/com/fasterxml/jackson/core/jackson-core/2.14.2/jackson-core-2.14.2.jar:/Users/arminrad/.m2/repository/com/fasterxml/jackson/datatype/jackson-datatype-jdk8/2.14.2/jackson-datatype-jdk8-2.14.2.jar:/Users/arminrad/.m2/repository/com/fasterxml/jackson/datatype/jackson-datatype-jsr310/2.14.2/jackson-datatype-jsr310-2.14.2.jar:/Users/arminrad/.m2/repository/com/fasterxml/jackson/module/jackson-module-parameter-names/2.14.2/jackson-module-parameter-names-2.14.2.jar:/Users/arminrad/.m2/repository/org/springframework/boot/spring-boot-starter-tomcat/3.0.4/spring-boot-starter-tomcat-3.0.4.jar:/Users/arminrad/.m2/repository/org/apache/tomcat/embed/tomcat-embed-core/10.1.5/tomcat-embed-core-10.1.5.jar:/Users/arminrad/.m2/repository/org/apache/tomcat/embed/tomcat-embed-el/10.1.5/tomcat-embed-el-10.1.5.jar:/Users/arminrad/.m2/repository/org/apache/tomcat/embed/tomcat-embed-websocket/10.1.5/tomcat-embed-websocket-10.1.5.jar:/Users/arminrad/.m2/repository/org/springframework/spring-web/6.0.6/spring-web-6.0.6.jar:/Users/arminrad/.m2/repository/org/springframework/spring-beans/6.0.6/spring-beans-6.0.6.jar:/Users/arminrad/.m2/repository/io/micrometer/micrometer-observation/1.10.4/micrometer-observation-1.10.4.jar:/Users/arminrad/.m2/repository/io/micrometer/micrometer-commons/1.10.4/micrometer-commons-1.10.4.jar:/Users/arminrad/.m2/repository/org/springframework/spring-webmvc/6.0.6/spring-webmvc-6.0.6.jar:/Users/arminrad/.m2/repository/org/springframework/spring-aop/6.0.6/spring-aop-6.0.6.jar:/Users/arminrad/.m2/repository/org/springframework/spring-context/6.0.6/spring-context-6.0.6.jar:/Users/arminrad/.m2/repository/org/springframework/spring-expression/6.0.6/spring-expression-6.0.6.jar:/Users/arminrad/.m2/repository/org/springframework/boot/spring-boot-starter-test/3.0.4/spring-boot-starter-test-3.0.4.jar:/Users/arminrad/.m2/repository/org/springframework/boot/spring-boot-test/3.0.4/spring-boot-test-3.0.4.jar:/Users/arminrad/.m2/repository/org/springframework/boot/spring-boot-test-autoconfigure/3.0.4/spring-boot-test-autoconfigure-3.0.4.jar:/Users/arminrad/.m2/repository/com/jayway/jsonpath/json-path/2.7.0/json-path-2.7.0.jar:/Users/arminrad/.m2/repository/net/minidev/json-smart/2.4.8/json-smart-2.4.8.jar:/Users/arminrad/.m2/repository/net/minidev/accessors-smart/2.4.8/accessors-smart-2.4.8.jar:/Users/arminrad/.m2/repository/org/ow2/asm/asm/9.1/asm-9.1.jar:/Users/arminrad/.m2/repository/jakarta/xml/bind/jakarta.xml.bind-api/4.0.0/jakarta.xml.bind-api-4.0.0.jar:/Users/arminrad/.m2/repository/jakarta/activation/jakarta.activation-api/2.1.1/jakarta.activation-api-2.1.1.jar:/Users/arminrad/.m2/repository/org/assertj/assertj-core/3.23.1/assertj-core-3.23.1.jar:/Users/arminrad/.m2/repository/net/bytebuddy/byte-buddy/1.12.23/byte-buddy-1.12.23.jar:/Users/arminrad/.m2/repository/org/hamcrest/hamcrest/2.2/hamcrest-2.2.jar:/Users/arminrad/.m2/repository/org/junit/jupiter/junit-jupiter/5.9.2/junit-jupiter-5.9.2.jar:/Users/arminrad/.m2/repository/org/junit/jupiter/junit-jupiter-params/5.9.2/junit-jupiter-params-5.9.2.jar:/Users/arminrad/.m2/repository/org/junit/jupiter/junit-jupiter-engine/5.9.2/junit-jupiter-engine-5.9.2.jar:/Users/arminrad/.m2/repository/org/junit/platform/junit-platform-engine/1.9.2/junit-platform-engine-1.9.2.jar:/Users/arminrad/.m2/repository/org/mockito/mockito-core/4.8.1/mockito-core-4.8.1.jar:/Users/arminrad/.m2/repository/net/bytebuddy/byte-buddy-agent/1.12.23/byte-buddy-agent-1.12.23.jar:/Users/arminrad/.m2/repository/org/objenesis/objenesis/3.2/objenesis-3.2.jar:/Users/arminrad/.m2/repository/org/mockito/mockito-junit-jupiter/4.8.1/mockito-junit-jupiter-4.8.1.jar:/Users/arminrad/.m2/repository/org/skyscreamer/jsonassert/1.5.1/jsonassert-1.5.1.jar:/Users/arminrad/.m2/repository/com/vaadin/external/google/android-json/0.0.20131108.vaadin1/android-json-0.0.20131108.vaadin1.jar:/Users/arminrad/.m2/repository/org/springframework/spring-core/6.0.6/spring-core-6.0.6.jar:/Users/arminrad/.m2/repository/org/springframework/spring-jcl/6.0.6/spring-jcl-6.0.6.jar:/Users/arminrad/.m2/repository/org/springframework/spring-test/6.0.6/spring-test-6.0.6.jar:/Users/arminrad/.m2/repository/org/xmlunit/xmlunit-core/2.9.1/xmlunit-core-2.9.1.jar:/Users/arminrad/.m2/repository/org/postgresql/postgresql/42.5.4/postgresql-42.5.4.jar:/Users/arminrad/.m2/repository/org/checkerframework/checker-qual/3.5.0/checker-qual-3.5.0.jar:/Users/arminrad/.m2/repository/org/flywaydb/flyway-core/9.5.1/flyway-core-9.5.1.jar:/Users/arminrad/.m2/repository/com/electronwill/night-config/toml/3.6.6/toml-3.6.6.jar:/Users/arminrad/.m2/repository/com/electronwill/night-config/core/3.6.6/core-3.6.6.jar:/Users/arminrad/.m2/repository/org/springframework/boot/spring-boot-starter-data-jdbc/3.0.4/spring-boot-starter-data-jdbc-3.0.4.jar:/Users/arminrad/.m2/repository/org/springframework/boot/spring-boot-starter-jdbc/3.0.4/spring-boot-starter-jdbc-3.0.4.jar:/Users/arminrad/.m2/repository/com/zaxxer/HikariCP/5.0.1/HikariCP-5.0.1.jar:/Users/arminrad/.m2/repository/org/springframework/spring-jdbc/6.0.6/spring-jdbc-6.0.6.jar:/Users/arminrad/.m2/repository/org/springframework/data/spring-data-jdbc/3.0.3/spring-data-jdbc-3.0.3.jar:/Users/arminrad/.m2/repository/org/springframework/data/spring-data-relational/3.0.3/spring-data-relational-3.0.3.jar:/Users/arminrad/.m2/repository/org/springframework/data/spring-data-commons/3.0.3/spring-data-commons-3.0.3.jar:/Users/arminrad/.m2/repository/org/springframework/spring-tx/6.0.6/spring-tx-6.0.6.jar:/Users/arminrad/.m2/repository/com/github/javafaker/javafaker/1.0.2/javafaker-1.0.2.jar:/Users/arminrad/.m2/repository/org/apache/commons/commons-lang3/3.12.0/commons-lang3-3.12.0.jar:/Users/arminrad/.m2/repository/org/yaml/snakeyaml/1.23/snakeyaml-1.23-android.jar:/Users/arminrad/.m2/repository/com/github/mifmif/generex/1.0.2/generex-1.0.2.jar:/Users/arminrad/.m2/repository/dk/brics/automaton/automaton/1.11-8/automaton-1.11-8.jar:/Users/arminrad/.m2/repository/org/testcontainers/testcontainers/1.17.6/testcontainers-1.17.6.jar:/Users/arminrad/.m2/repository/junit/junit/4.13.2/junit-4.13.2.jar:/Users/arminrad/.m2/repository/org/hamcrest/hamcrest-core/2.2/hamcrest-core-2.2.jar:/Users/arminrad/.m2/repository/org/slf4j/slf4j-api/2.0.6/slf4j-api-2.0.6.jar:/Users/arminrad/.m2/repository/org/apache/commons/commons-compress/1.22/commons-compress-1.22.jar:/Users/arminrad/.m2/repository/org/rnorth/duct-tape/duct-tape/1.0.8/duct-tape-1.0.8.jar:/Users/arminrad/.m2/repository/org/jetbrains/annotations/17.0.0/annotations-17.0.0.jar:/Users/arminrad/.m2/repository/com/github/docker-java/docker-java-api/3.2.13/docker-java-api-3.2.13.jar:/Users/arminrad/.m2/repository/com/fasterxml/jackson/core/jackson-annotations/2.14.2/jackson-annotations-2.14.2.jar:/Users/arminrad/.m2/repository/com/github/docker-java/docker-java-transport-zerodep/3.2.13/docker-java-transport-zerodep-3.2.13.jar:/Users/arminrad/.m2/repository/com/github/docker-java/docker-java-transport/3.2.13/docker-java-transport-3.2.13.jar:/Users/arminrad/.m2/repository/net/java/dev/jna/jna/5.8.0/jna-5.8.0.jar:/Users/arminrad/.m2/repository/org/testcontainers/junit-jupiter/1.17.6/junit-jupiter-1.17.6.jar:/Users/arminrad/.m2/repository/org/junit/jupiter/junit-jupiter-api/5.9.2/junit-jupiter-api-5.9.2.jar:/Users/arminrad/.m2/repository/org/opentest4j/opentest4j/1.2.0/opentest4j-1.2.0.jar:/Users/arminrad/.m2/repository/org/junit/platform/junit-platform-commons/1.9.2/junit-platform-commons-1.9.2.jar:/Users/arminrad/.m2/repository/org/apiguardian/apiguardian-api/1.1.2/apiguardian-api-1.1.2.jar:/Users/arminrad/.m2/repository/org/testcontainers/postgresql/1.17.6/postgresql-1.17.6.jar:/Users/arminrad/.m2/repository/org/testcontainers/jdbc/1.17.6/jdbc-1.17.6.jar:/Users/arminrad/.m2/repository/org/testcontainers/database-commons/1.17.6/database-commons-1.17.6.jar:/Users/arminrad/.m2/repository/org/springframework/boot/spring-boot-starter-data-jpa/3.0.4/spring-boot-starter-data-jpa-3.0.4.jar:/Users/arminrad/.m2/repository/org/springframework/boot/spring-boot-starter-aop/3.0.4/spring-boot-starter-aop-3.0.4.jar:/Users/arminrad/.m2/repository/org/aspectj/aspectjweaver/1.9.19/aspectjweaver-1.9.19.jar:/Users/arminrad/.m2/repository/org/hibernate/orm/hibernate-core/6.1.7.Final/hibernate-core-6.1.7.Final.jar:/Users/arminrad/.m2/repository/jakarta/persistence/jakarta.persistence-api/3.1.0/jakarta.persistence-api-3.1.0.jar:/Users/arminrad/.m2/repository/jakarta/transaction/jakarta.transaction-api/2.0.1/jakarta.transaction-api-2.0.1.jar:/Users/arminrad/.m2/repository/org/jboss/logging/jboss-logging/3.5.0.Final/jboss-logging-3.5.0.Final.jar:/Users/arminrad/.m2/repository/org/hibernate/common/hibernate-commons-annotations/6.0.6.Final/hibernate-commons-annotations-6.0.6.Final.jar:/Users/arminrad/.m2/repository/org/jboss/jandex/2.4.2.Final/jandex-2.4.2.Final.jar:/Users/arminrad/.m2/repository/com/fasterxml/classmate/1.5.1/classmate-1.5.1.jar:/Users/arminrad/.m2/repository/org/glassfish/jaxb/jaxb-runtime/4.0.2/jaxb-runtime-4.0.2.jar:/Users/arminrad/.m2/repository/org/glassfish/jaxb/jaxb-core/4.0.2/jaxb-core-4.0.2.jar:/Users/arminrad/.m2/repository/org/eclipse/angus/angus-activation/2.0.0/angus-activation-2.0.0.jar:/Users/arminrad/.m2/repository/org/glassfish/jaxb/txw2/4.0.2/txw2-4.0.2.jar:/Users/arminrad/.m2/repository/com/sun/istack/istack-commons-runtime/4.1.1/istack-commons-runtime-4.1.1.jar:/Users/arminrad/.m2/repository/jakarta/inject/jakarta.inject-api/2.0.0/jakarta.inject-api-2.0.0.jar:/Users/arminrad/.m2/repository/org/antlr/antlr4-runtime/4.10.1/antlr4-runtime-4.10.1.jar:/Users/arminrad/.m2/repository/org/springframework/data/spring-data-jpa/3.0.3/spring-data-jpa-3.0.3.jar:/Users/arminrad/.m2/repository/org/springframework/spring-orm/6.0.6/spring-orm-6.0.6.jar:/Users/arminrad/.m2/repository/org/springframework/spring-aspects/6.0.6/spring-aspects-6.0.6.jar:/Users/arminrad/.m2/repository/org/springframework/boot/spring-boot-starter-webflux/3.0.4/spring-boot-starter-webflux-3.0.4.jar:/Users/arminrad/.m2/repository/org/springframework/boot/spring-boot-starter-reactor-netty/3.0.4/spring-boot-starter-reactor-netty-3.0.4.jar:/Users/arminrad/.m2/repository/io/projectreactor/netty/reactor-netty-http/1.1.4/reactor-netty-http-1.1.4.jar:/Users/arminrad/.m2/repository/io/netty/netty-codec-http/4.1.89.Final/netty-codec-http-4.1.89.Final.jar:/Users/arminrad/.m2/repository/io/netty/netty-common/4.1.89.Final/netty-common-4.1.89.Final.jar:/Users/arminrad/.m2/repository/io/netty/netty-buffer/4.1.89.Final/netty-buffer-4.1.89.Final.jar:/Users/arminrad/.m2/repository/io/netty/netty-transport/4.1.89.Final/netty-transport-4.1.89.Final.jar:/Users/arminrad/.m2/repository/io/netty/netty-codec/4.1.89.Final/netty-codec-4.1.89.Final.jar:/Users/arminrad/.m2/repository/io/netty/netty-handler/4.1.89.Final/netty-handler-4.1.89.Final.jar:/Users/arminrad/.m2/repository/io/netty/netty-codec-http2/4.1.89.Final/netty-codec-http2-4.1.89.Final.jar:/Users/arminrad/.m2/repository/io/netty/netty-resolver-dns/4.1.89.Final/netty-resolver-dns-4.1.89.Final.jar:/Users/arminrad/.m2/repository/io/netty/netty-resolver/4.1.89.Final/netty-resolver-4.1.89.Final.jar:/Users/arminrad/.m2/repository/io/netty/netty-codec-dns/4.1.89.Final/netty-codec-dns-4.1.89.Final.jar:/Users/arminrad/.m2/repository/io/netty/netty-resolver-dns-native-macos/4.1.89.Final/netty-resolver-dns-native-macos-4.1.89.Final-osx-x86_64.jar:/Users/arminrad/.m2/repository/io/netty/netty-resolver-dns-classes-macos/4.1.89.Final/netty-resolver-dns-classes-macos-4.1.89.Final.jar:/Users/arminrad/.m2/repository/io/netty/netty-transport-native-epoll/4.1.89.Final/netty-transport-native-epoll-4.1.89.Final-linux-x86_64.jar:/Users/arminrad/.m2/repository/io/netty/netty-transport-native-unix-common/4.1.89.Final/netty-transport-native-unix-common-4.1.89.Final.jar:/Users/arminrad/.m2/repository/io/netty/netty-transport-classes-epoll/4.1.89.Final/netty-transport-classes-epoll-4.1.89.Final.jar:/Users/arminrad/.m2/repository/io/projectreactor/netty/reactor-netty-core/1.1.4/reactor-netty-core-1.1.4.jar:/Users/arminrad/.m2/repository/io/netty/netty-handler-proxy/4.1.89.Final/netty-handler-proxy-4.1.89.Final.jar:/Users/arminrad/.m2/repository/io/netty/netty-codec-socks/4.1.89.Final/netty-codec-socks-4.1.89.Final.jar:/Users/arminrad/.m2/repository/org/springframework/spring-webflux/6.0.6/spring-webflux-6.0.6.jar:/Users/arminrad/.m2/repository/io/projectreactor/reactor-core/3.5.3/reactor-core-3.5.3.jar:/Users/arminrad/.m2/repository/org/reactivestreams/reactive-streams/1.0.4/reactive-streams-1.0.4.jar:"/>
    <property name="java.vm.vendor" value="Oracle Corporation"/>
    <property name="sun.arch.data.model" value="64"/>
    <property name="java.vendor.url" value="https://java.oracle.com/"/>
    <property name="os.name" value="Mac OS X"/>
    <property name="java.vm.specification.version" value="20"/>
    <property name="sun.java.launcher" value="SUN_STANDARD"/>
    <property name="user.country" value="US"/>
    <property name="sun.boot.library.path" value="/Users/arminrad/Library/Java/JavaVirtualMachines/openjdk-20/Contents/Home/lib"/>
    <property name="sun.java.command" value="/Users/arminrad/Desktop/InsuranceApp/backend/target/surefire/surefirebooter4081533560684857596.jar /Users/arminrad/Desktop/InsuranceApp/backend/target/surefire 2024-03-27T12-27-56_983-jvmRun1 surefire7675752476686884203tmp surefire_013224288296735787615tmp"/>
    <property name="http.nonProxyHosts" value="local|*.local|169.254/16|*.169.254/16"/>
    <property name="jdk.debug" value="release"/>
    <property name="surefire.test.class.path" value="/Users/arminrad/Desktop/InsuranceApp/backend/target/test-classes:/Users/arminrad/Desktop/InsuranceApp/backend/target/classes:/Users/arminrad/.m2/repository/org/springframework/boot/spring-boot-starter-web/3.0.4/spring-boot-starter-web-3.0.4.jar:/Users/arminrad/.m2/repository/org/springframework/boot/spring-boot-starter/3.0.4/spring-boot-starter-3.0.4.jar:/Users/arminrad/.m2/repository/org/springframework/boot/spring-boot/3.0.4/spring-boot-3.0.4.jar:/Users/arminrad/.m2/repository/org/springframework/boot/spring-boot-autoconfigure/3.0.4/spring-boot-autoconfigure-3.0.4.jar:/Users/arminrad/.m2/repository/org/springframework/boot/spring-boot-starter-logging/3.0.4/spring-boot-starter-logging-3.0.4.jar:/Users/arminrad/.m2/repository/ch/qos/logback/logback-classic/1.4.5/logback-classic-1.4.5.jar:/Users/arminrad/.m2/repository/ch/qos/logback/logback-core/1.4.5/logback-core-1.4.5.jar:/Users/arminrad/.m2/repository/org/apache/logging/log4j/log4j-to-slf4j/2.19.0/log4j-to-slf4j-2.19.0.jar:/Users/arminrad/.m2/repository/org/apache/logging/log4j/log4j-api/2.19.0/log4j-api-2.19.0.jar:/Users/arminrad/.m2/repository/org/slf4j/jul-to-slf4j/2.0.6/jul-to-slf4j-2.0.6.jar:/Users/arminrad/.m2/repository/jakarta/annotation/jakarta.annotation-api/2.1.1/jakarta.annotation-api-2.1.1.jar:/Users/arminrad/.m2/repository/org/yaml/snakeyaml/1.33/snakeyaml-1.33.jar:/Users/arminrad/.m2/repository/org/springframework/boot/spring-boot-starter-json/3.0.4/spring-boot-starter-json-3.0.4.jar:/Users/arminrad/.m2/repository/com/fasterxml/jackson/core/jackson-databind/2.14.2/jackson-databind-2.14.2.jar:/Users/arminrad/.m2/repository/com/fasterxml/jackson/core/jackson-core/2.14.2/jackson-core-2.14.2.jar:/Users/arminrad/.m2/repository/com/fasterxml/jackson/datatype/jackson-datatype-jdk8/2.14.2/jackson-datatype-jdk8-2.14.2.jar:/Users/arminrad/.m2/repository/com/fasterxml/jackson/datatype/jackson-datatype-jsr310/2.14.2/jackson-datatype-jsr310-2.14.2.jar:/Users/arminrad/.m2/repository/com/fasterxml/jackson/module/jackson-module-parameter-names/2.14.2/jackson-module-parameter-names-2.14.2.jar:/Users/arminrad/.m2/repository/org/springframework/boot/spring-boot-starter-tomcat/3.0.4/spring-boot-starter-tomcat-3.0.4.jar:/Users/arminrad/.m2/repository/org/apache/tomcat/embed/tomcat-embed-core/10.1.5/tomcat-embed-core-10.1.5.jar:/Users/arminrad/.m2/repository/org/apache/tomcat/embed/tomcat-embed-el/10.1.5/tomcat-embed-el-10.1.5.jar:/Users/arminrad/.m2/repository/org/apache/tomcat/embed/tomcat-embed-websocket/10.1.5/tomcat-embed-websocket-10.1.5.jar:/Users/arminrad/.m2/repository/org/springframework/spring-web/6.0.6/spring-web-6.0.6.jar:/Users/arminrad/.m2/repository/org/springframework/spring-beans/6.0.6/spring-beans-6.0.6.jar:/Users/arminrad/.m2/repository/io/micrometer/micrometer-observation/1.10.4/micrometer-observation-1.10.4.jar:/Users/arminrad/.m2/repository/io/micrometer/micrometer-commons/1.10.4/micrometer-commons-1.10.4.jar:/Users/arminrad/.m2/repository/org/springframework/spring-webmvc/6.0.6/spring-webmvc-6.0.6.jar:/Users/arminrad/.m2/repository/org/springframework/spring-aop/6.0.6/spring-aop-6.0.6.jar:/Users/arminrad/.m2/repository/org/springframework/spring-context/6.0.6/spring-context-6.0.6.jar:/Users/arminrad/.m2/repository/org/springframework/spring-expression/6.0.6/spring-expression-6.0.6.jar:/Users/arminrad/.m2/repository/org/springframework/boot/spring-boot-starter-test/3.0.4/spring-boot-starter-test-3.0.4.jar:/Users/arminrad/.m2/repository/org/springframework/boot/spring-boot-test/3.0.4/spring-boot-test-3.0.4.jar:/Users/arminrad/.m2/repository/org/springframework/boot/spring-boot-test-autoconfigure/3.0.4/spring-boot-test-autoconfigure-3.0.4.jar:/Users/arminrad/.m2/repository/com/jayway/jsonpath/json-path/2.7.0/json-path-2.7.0.jar:/Users/arminrad/.m2/repository/net/minidev/json-smart/2.4.8/json-smart-2.4.8.jar:/Users/arminrad/.m2/repository/net/minidev/accessors-smart/2.4.8/accessors-smart-2.4.8.jar:/Users/arminrad/.m2/repository/org/ow2/asm/asm/9.1/asm-9.1.jar:/Users/arminrad/.m2/repository/jakarta/xml/bind/jakarta.xml.bind-api/4.0.0/jakarta.xml.bind-api-4.0.0.jar:/Users/arminrad/.m2/repository/jakarta/activation/jakarta.activation-api/2.1.1/jakarta.activation-api-2.1.1.jar:/Users/arminrad/.m2/repository/org/assertj/assertj-core/3.23.1/assertj-core-3.23.1.jar:/Users/arminrad/.m2/repository/net/bytebuddy/byte-buddy/1.12.23/byte-buddy-1.12.23.jar:/Users/arminrad/.m2/repository/org/hamcrest/hamcrest/2.2/hamcrest-2.2.jar:/Users/arminrad/.m2/repository/org/junit/jupiter/junit-jupiter/5.9.2/junit-jupiter-5.9.2.jar:/Users/arminrad/.m2/repository/org/junit/jupiter/junit-jupiter-params/5.9.2/junit-jupiter-params-5.9.2.jar:/Users/arminrad/.m2/repository/org/junit/jupiter/junit-jupiter-engine/5.9.2/junit-jupiter-engine-5.9.2.jar:/Users/arminrad/.m2/repository/org/junit/platform/junit-platform-engine/1.9.2/junit-platform-engine-1.9.2.jar:/Users/arminrad/.m2/repository/org/mockito/mockito-core/4.8.1/mockito-core-4.8.1.jar:/Users/arminrad/.m2/repository/net/bytebuddy/byte-buddy-agent/1.12.23/byte-buddy-agent-1.12.23.jar:/Users/arminrad/.m2/repository/org/objenesis/objenesis/3.2/objenesis-3.2.jar:/Users/arminrad/.m2/repository/org/mockito/mockito-junit-jupiter/4.8.1/mockito-junit-jupiter-4.8.1.jar:/Users/arminrad/.m2/repository/org/skyscreamer/jsonassert/1.5.1/jsonassert-1.5.1.jar:/Users/arminrad/.m2/repository/com/vaadin/external/google/android-json/0.0.20131108.vaadin1/android-json-0.0.20131108.vaadin1.jar:/Users/arminrad/.m2/repository/org/springframework/spring-core/6.0.6/spring-core-6.0.6.jar:/Users/arminrad/.m2/repository/org/springframework/spring-jcl/6.0.6/spring-jcl-6.0.6.jar:/Users/arminrad/.m2/repository/org/springframework/spring-test/6.0.6/spring-test-6.0.6.jar:/Users/arminrad/.m2/repository/org/xmlunit/xmlunit-core/2.9.1/xmlunit-core-2.9.1.jar:/Users/arminrad/.m2/repository/org/postgresql/postgresql/42.5.4/postgresql-42.5.4.jar:/Users/arminrad/.m2/repository/org/checkerframework/checker-qual/3.5.0/checker-qual-3.5.0.jar:/Users/arminrad/.m2/repository/org/flywaydb/flyway-core/9.5.1/flyway-core-9.5.1.jar:/Users/arminrad/.m2/repository/com/electronwill/night-config/toml/3.6.6/toml-3.6.6.jar:/Users/arminrad/.m2/repository/com/electronwill/night-config/core/3.6.6/core-3.6.6.jar:/Users/arminrad/.m2/repository/org/springframework/boot/spring-boot-starter-data-jdbc/3.0.4/spring-boot-starter-data-jdbc-3.0.4.jar:/Users/arminrad/.m2/repository/org/springframework/boot/spring-boot-starter-jdbc/3.0.4/spring-boot-starter-jdbc-3.0.4.jar:/Users/arminrad/.m2/repository/com/zaxxer/HikariCP/5.0.1/HikariCP-5.0.1.jar:/Users/arminrad/.m2/repository/org/springframework/spring-jdbc/6.0.6/spring-jdbc-6.0.6.jar:/Users/arminrad/.m2/repository/org/springframework/data/spring-data-jdbc/3.0.3/spring-data-jdbc-3.0.3.jar:/Users/arminrad/.m2/repository/org/springframework/data/spring-data-relational/3.0.3/spring-data-relational-3.0.3.jar:/Users/arminrad/.m2/repository/org/springframework/data/spring-data-commons/3.0.3/spring-data-commons-3.0.3.jar:/Users/arminrad/.m2/repository/org/springframework/spring-tx/6.0.6/spring-tx-6.0.6.jar:/Users/arminrad/.m2/repository/com/github/javafaker/javafaker/1.0.2/javafaker-1.0.2.jar:/Users/arminrad/.m2/repository/org/apache/commons/commons-lang3/3.12.0/commons-lang3-3.12.0.jar:/Users/arminrad/.m2/repository/org/yaml/snakeyaml/1.23/snakeyaml-1.23-android.jar:/Users/arminrad/.m2/repository/com/github/mifmif/generex/1.0.2/generex-1.0.2.jar:/Users/arminrad/.m2/repository/dk/brics/automaton/automaton/1.11-8/automaton-1.11-8.jar:/Users/arminrad/.m2/repository/org/testcontainers/testcontainers/1.17.6/testcontainers-1.17.6.jar:/Users/arminrad/.m2/repository/junit/junit/4.13.2/junit-4.13.2.jar:/Users/arminrad/.m2/repository/org/hamcrest/hamcrest-core/2.2/hamcrest-core-2.2.jar:/Users/arminrad/.m2/repository/org/slf4j/slf4j-api/2.0.6/slf4j-api-2.0.6.jar:/Users/arminrad/.m2/repository/org/apache/commons/commons-compress/1.22/commons-compress-1.22.jar:/Users/arminrad/.m2/repository/org/rnorth/duct-tape/duct-tape/1.0.8/duct-tape-1.0.8.jar:/Users/arminrad/.m2/repository/org/jetbrains/annotations/17.0.0/annotations-17.0.0.jar:/Users/arminrad/.m2/repository/com/github/docker-java/docker-java-api/3.2.13/docker-java-api-3.2.13.jar:/Users/arminrad/.m2/repository/com/fasterxml/jackson/core/jackson-annotations/2.14.2/jackson-annotations-2.14.2.jar:/Users/arminrad/.m2/repository/com/github/docker-java/docker-java-transport-zerodep/3.2.13/docker-java-transport-zerodep-3.2.13.jar:/Users/arminrad/.m2/repository/com/github/docker-java/docker-java-transport/3.2.13/docker-java-transport-3.2.13.jar:/Users/arminrad/.m2/repository/net/java/dev/jna/jna/5.8.0/jna-5.8.0.jar:/Users/arminrad/.m2/repository/org/testcontainers/junit-jupiter/1.17.6/junit-jupiter-1.17.6.jar:/Users/arminrad/.m2/repository/org/junit/jupiter/junit-jupiter-api/5.9.2/junit-jupiter-api-5.9.2.jar:/Users/arminrad/.m2/repository/org/opentest4j/opentest4j/1.2.0/opentest4j-1.2.0.jar:/Users/arminrad/.m2/repository/org/junit/platform/junit-platform-commons/1.9.2/junit-platform-commons-1.9.2.jar:/Users/arminrad/.m2/repository/org/apiguardian/apiguardian-api/1.1.2/apiguardian-api-1.1.2.jar:/Users/arminrad/.m2/repository/org/testcontainers/postgresql/1.17.6/postgresql-1.17.6.jar:/Users/arminrad/.m2/repository/org/testcontainers/jdbc/1.17.6/jdbc-1.17.6.jar:/Users/arminrad/.m2/repository/org/testcontainers/database-commons/1.17.6/database-commons-1.17.6.jar:/Users/arminrad/.m2/repository/org/springframework/boot/spring-boot-starter-data-jpa/3.0.4/spring-boot-starter-data-jpa-3.0.4.jar:/Users/arminrad/.m2/repository/org/springframework/boot/spring-boot-starter-aop/3.0.4/spring-boot-starter-aop-3.0.4.jar:/Users/arminrad/.m2/repository/org/aspectj/aspectjweaver/1.9.19/aspectjweaver-1.9.19.jar:/Users/arminrad/.m2/repository/org/hibernate/orm/hibernate-core/6.1.7.Final/hibernate-core-6.1.7.Final.jar:/Users/arminrad/.m2/repository/jakarta/persistence/jakarta.persistence-api/3.1.0/jakarta.persistence-api-3.1.0.jar:/Users/arminrad/.m2/repository/jakarta/transaction/jakarta.transaction-api/2.0.1/jakarta.transaction-api-2.0.1.jar:/Users/arminrad/.m2/repository/org/jboss/logging/jboss-logging/3.5.0.Final/jboss-logging-3.5.0.Final.jar:/Users/arminrad/.m2/repository/org/hibernate/common/hibernate-commons-annotations/6.0.6.Final/hibernate-commons-annotations-6.0.6.Final.jar:/Users/arminrad/.m2/repository/org/jboss/jandex/2.4.2.Final/jandex-2.4.2.Final.jar:/Users/arminrad/.m2/repository/com/fasterxml/classmate/1.5.1/classmate-1.5.1.jar:/Users/arminrad/.m2/repository/org/glassfish/jaxb/jaxb-runtime/4.0.2/jaxb-runtime-4.0.2.jar:/Users/arminrad/.m2/repository/org/glassfish/jaxb/jaxb-core/4.0.2/jaxb-core-4.0.2.jar:/Users/arminrad/.m2/repository/org/eclipse/angus/angus-activation/2.0.0/angus-activation-2.0.0.jar:/Users/arminrad/.m2/repository/org/glassfish/jaxb/txw2/4.0.2/txw2-4.0.2.jar:/Users/arminrad/.m2/repository/com/sun/istack/istack-commons-runtime/4.1.1/istack-commons-runtime-4.1.1.jar:/Users/arminrad/.m2/repository/jakarta/inject/jakarta.inject-api/2.0.0/jakarta.inject-api-2.0.0.jar:/Users/arminrad/.m2/repository/org/antlr/antlr4-runtime/4.10.1/antlr4-runtime-4.10.1.jar:/Users/arminrad/.m2/repository/org/springframework/data/spring-data-jpa/3.0.3/spring-data-jpa-3.0.3.jar:/Users/arminrad/.m2/repository/org/springframework/spring-orm/6.0.6/spring-orm-6.0.6.jar:/Users/arminrad/.m2/repository/org/springframework/spring-aspects/6.0.6/spring-aspects-6.0.6.jar:/Users/arminrad/.m2/repository/org/springframework/boot/spring-boot-starter-webflux/3.0.4/spring-boot-starter-webflux-3.0.4.jar:/Users/arminrad/.m2/repository/org/springframework/boot/spring-boot-starter-reactor-netty/3.0.4/spring-boot-starter-reactor-netty-3.0.4.jar:/Users/arminrad/.m2/repository/io/projectreactor/netty/reactor-netty-http/1.1.4/reactor-netty-http-1.1.4.jar:/Users/arminrad/.m2/repository/io/netty/netty-codec-http/4.1.89.Final/netty-codec-http-4.1.89.Final.jar:/Users/arminrad/.m2/repository/io/netty/netty-common/4.1.89.Final/netty-common-4.1.89.Final.jar:/Users/arminrad/.m2/repository/io/netty/netty-buffer/4.1.89.Final/netty-buffer-4.1.89.Final.jar:/Users/arminrad/.m2/repository/io/netty/netty-transport/4.1.89.Final/netty-transport-4.1.89.Final.jar:/Users/arminrad/.m2/repository/io/netty/netty-codec/4.1.89.Final/netty-codec-4.1.89.Final.jar:/Users/arminrad/.m2/repository/io/netty/netty-handler/4.1.89.Final/netty-handler-4.1.89.Final.jar:/Users/arminrad/.m2/repository/io/netty/netty-codec-http2/4.1.89.Final/netty-codec-http2-4.1.89.Final.jar:/Users/arminrad/.m2/repository/io/netty/netty-resolver-dns/4.1.89.Final/netty-resolver-dns-4.1.89.Final.jar:/Users/arminrad/.m2/repository/io/netty/netty-resolver/4.1.89.Final/netty-resolver-4.1.89.Final.jar:/Users/arminrad/.m2/repository/io/netty/netty-codec-dns/4.1.89.Final/netty-codec-dns-4.1.89.Final.jar:/Users/arminrad/.m2/repository/io/netty/netty-resolver-dns-native-macos/4.1.89.Final/netty-resolver-dns-native-macos-4.1.89.Final-osx-x86_64.jar:/Users/arminrad/.m2/repository/io/netty/netty-resolver-dns-classes-macos/4.1.89.Final/netty-resolver-dns-classes-macos-4.1.89.Final.jar:/Users/arminrad/.m2/repository/io/netty/netty-transport-native-epoll/4.1.89.Final/netty-transport-native-epoll-4.1.89.Final-linux-x86_64.jar:/Users/arminrad/.m2/repository/io/netty/netty-transport-native-unix-common/4.1.89.Final/netty-transport-native-unix-common-4.1.89.Final.jar:/Users/arminrad/.m2/repository/io/netty/netty-transport-classes-epoll/4.1.89.Final/netty-transport-classes-epoll-4.1.89.Final.jar:/Users/arminrad/.m2/repository/io/projectreactor/netty/reactor-netty-core/1.1.4/reactor-netty-core-1.1.4.jar:/Users/arminrad/.m2/repository/io/netty/netty-handler-proxy/4.1.89.Final/netty-handler-proxy-4.1.89.Final.jar:/Users/arminrad/.m2/repository/io/netty/netty-codec-socks/4.1.89.Final/netty-codec-socks-4.1.89.Final.jar:/Users/arminrad/.m2/repository/org/springframework/spring-webflux/6.0.6/spring-webflux-6.0.6.jar:/Users/arminrad/.m2/repository/io/projectreactor/reactor-core/3.5.3/reactor-core-3.5.3.jar:/Users/arminrad/.m2/repository/org/reactivestreams/reactive-streams/1.0.4/reactive-streams-1.0.4.jar:"/>
    <property name="sun.cpu.endian" value="little"/>
    <property name="user.home" value="/Users/arminrad"/>
    <property name="user.language" value="en"/>
    <property name="java.specification.vendor" value="Oracle Corporation"/>
    <property name="java.version.date" value="2023-03-21"/>
    <property name="java.home" value="/Users/arminrad/Library/Java/JavaVirtualMachines/openjdk-20/Contents/Home"/>
    <property name="file.separator" value="/"/>
    <property name="basedir" value="/Users/arminrad/Desktop/InsuranceApp/backend"/>
    <property name="java.vm.compressedOopsMode" value="Zero based"/>
    <property name="line.separator" value="&#10;"/>
    <property name="java.vm.specification.vendor" value="Oracle Corporation"/>
    <property name="java.specification.name" value="Java Platform API Specification"/>
    <property name="apple.awt.application.name" value="ForkedBooter"/>
    <property name="surefire.real.class.path" value="/Users/arminrad/Desktop/InsuranceApp/backend/target/surefire/surefirebooter4081533560684857596.jar"/>
    <property name="sun.management.compiler" value="HotSpot 64-Bit Tiered Compilers"/>
    <property name="ftp.nonProxyHosts" value="local|*.local|169.254/16|*.169.254/16"/>
    <property name="java.runtime.version" value="20+36-2344"/>
    <property name="user.name" value="arminrad"/>
    <property name="stdout.encoding" value="UTF-8"/>
    <property name="path.separator" value=":"/>
    <property name="os.version" value="14.0"/>
    <property name="java.runtime.name" value="OpenJDK Runtime Environment"/>
    <property name="file.encoding" value="UTF-8"/>
    <property name="java.vm.name" value="OpenJDK 64-Bit Server VM"/>
    <property name="localRepository" value="/Users/arminrad/.m2/repository"/>
    <property name="java.vendor.url.bug" value="https://bugreport.java.com/bugreport/"/>
    <property name="java.io.tmpdir" value="/var/folders/h_/23cg16r50g53x06dxchlhdvh0000gn/T/"/>
    <property name="idea.version" value="2023.3"/>
    <property name="java.version" value="20"/>
    <property name="user.dir" value="/Users/arminrad/Desktop/InsuranceApp/backend"/>
    <property name="os.arch" value="aarch64"/>
    <property name="java.vm.specification.name" value="Java Virtual Machine Specification"/>
    <property name="native.encoding" value="UTF-8"/>
    <property name="java.library.path" value="/Users/arminrad/Library/Java/Extensions:/Library/Java/Extensions:/Network/Library/Java/Extensions:/System/Library/Java/Extensions:/usr/lib/java:."/>
    <property name="java.vm.info" value="mixed mode, sharing"/>
    <property name="stderr.encoding" value="UTF-8"/>
    <property name="java.vendor" value="Oracle Corporation"/>
    <property name="java.vm.version" value="20+36-2344"/>
    <property name="sun.io.unicode.encoding" value="UnicodeBig"/>
    <property name="socksNonProxyHosts" value="local|*.local|169.254/16|*.169.254/16"/>
    <property name="java.class.version" value="64.0"/>
  </properties>
  <testcase name="canUpdateClient" classname="com.insuranceApp.journey.InsuranceClientIntegrationTest" time="0.3">
    <failure message="Status expected:&lt;200 OK&gt; but was:&lt;500 INTERNAL_SERVER_ERROR&gt;" type="java.lang.AssertionError"><![CDATA[java.lang.AssertionError: Status expected:<200 OK> but was:<500 INTERNAL_SERVER_ERROR>
	at com.insuranceApp.journey.InsuranceClientIntegrationTest.canUpdateClient(InsuranceClientIntegrationTest.java:196)
]]></failure>
    <system-out><![CDATA[12:28:01.176 [main] DEBUG org.springframework.boot.test.context.SpringBootTestContextBootstrapper - Neither @ContextConfiguration nor @ContextHierarchy found for test class [InsuranceClientIntegrationTest]: using SpringBootContextLoader
12:28:01.176 [main] DEBUG org.springframework.test.context.support.AbstractContextLoader - Could not detect default resource locations for test class [com.insuranceApp.journey.InsuranceClientIntegrationTest]: no resource found for suffixes {-context.xml, Context.groovy}.
12:28:01.176 [main] INFO org.springframework.test.context.support.AnnotationConfigContextLoaderUtils - Could not detect default configuration classes for test class [com.insuranceApp.journey.InsuranceClientIntegrationTest]: InsuranceClientIntegrationTest does not declare any static, non-private, non-final, nested classes annotated with @Configuration.
12:28:01.189 [main] DEBUG org.springframework.boot.test.context.SpringBootTestContextBootstrapper - Using ContextCustomizers for test class [InsuranceClientIntegrationTest]: [ExcludeFilterContextCustomizer, DuplicateJsonObjectContextCustomizer, MockitoContextCustomizer, TestRestTemplateContextCustomizer, WebTestClientContextCustomizer, DisableObservabilityContextCustomizer, PropertyMappingContextCustomizer, Customizer]
12:28:01.218 [main] DEBUG org.springframework.context.annotation.ClassPathScanningCandidateComponentProvider - Identified candidate component class: file [/Users/arminrad/Desktop/InsuranceApp/backend/target/classes/com/insuranceApp/Main.class]
12:28:01.225 [main] INFO org.springframework.boot.test.context.SpringBootTestContextBootstrapper - Found @SpringBootConfiguration com.insuranceApp.Main for test class com.insuranceApp.journey.InsuranceClientIntegrationTest
12:28:01.261 [main] DEBUG org.springframework.boot.test.context.SpringBootTestContextBootstrapper - Using TestExecutionListeners for test class [InsuranceClientIntegrationTest]: [ServletTestExecutionListener, DirtiesContextBeforeModesTestExecutionListener, ApplicationEventsTestExecutionListener, MockitoTestExecutionListener, DependencyInjectionTestExecutionListener, DirtiesContextTestExecutionListener, TransactionalTestExecutionListener, SqlScriptsTestExecutionListener, EventPublishingTestExecutionListener, ResetMocksTestExecutionListener, RestDocsTestExecutionListener, MockRestServiceServerResetTestExecutionListener, MockMvcPrintOnlyOnFailureTestExecutionListener, WebDriverTestExecutionListener, MockWebServiceServerTestExecutionListener]
12:28:01.261 [main] DEBUG org.springframework.test.context.support.AbstractDirtiesContextTestExecutionListener - Before test class: class [InsuranceClientIntegrationTest], class annotated with @DirtiesContext [false] with mode [null]
12:28:01.263 [main] DEBUG org.springframework.test.context.support.DependencyInjectionTestExecutionListener - Performing dependency injection for test class com.insuranceApp.journey.InsuranceClientIntegrationTest

  .   ____          _            __ _ _
 /\\ / ___'_ __ _ _(_)_ __  __ _ \ \ \ \
( ( )\___ | '_ | '_| | '_ \/ _` | \ \ \ \
 \\/  ___)| |_)| | | | | || (_| |  ) ) ) )
  '  |____| .__|_| |_|_| |_\__, | / / / /
 =========|_|==============|___/=/_/_/_/
 :: Spring Boot ::                (v3.0.4)

2024-03-27T12:28:01.374+01:00  INFO 59342 --- [           main] c.i.j.InsuranceClientIntegrationTest     : Starting InsuranceClientIntegrationTest using Java 20 with PID 59342 (started by arminrad in /Users/arminrad/Desktop/InsuranceApp/backend)
2024-03-27T12:28:01.375+01:00  INFO 59342 --- [           main] c.i.j.InsuranceClientIntegrationTest     : No active profile set, falling back to 1 default profile: "default"
2024-03-27T12:28:01.602+01:00  INFO 59342 --- [           main] .s.d.r.c.RepositoryConfigurationDelegate : Multiple Spring Data modules found, entering strict repository configuration mode
2024-03-27T12:28:01.602+01:00  INFO 59342 --- [           main] .s.d.r.c.RepositoryConfigurationDelegate : Bootstrapping Spring Data JDBC repositories in DEFAULT mode.
2024-03-27T12:28:01.616+01:00  INFO 59342 --- [           main] .RepositoryConfigurationExtensionSupport : Spring Data JDBC - Could not safely identify store assignment for repository candidate interface com.insuranceApp.insuranceClient.InsuranceClientRepository; If you want this repository to be a JDBC repository, consider annotating your entities with one of these annotations: org.springframework.data.relational.core.mapping.Table.
2024-03-27T12:28:01.616+01:00  INFO 59342 --- [           main] .s.d.r.c.RepositoryConfigurationDelegate : Finished Spring Data repository scanning in 12 ms. Found 0 JDBC repository interfaces.
2024-03-27T12:28:01.622+01:00  INFO 59342 --- [           main] .s.d.r.c.RepositoryConfigurationDelegate : Multiple Spring Data modules found, entering strict repository configuration mode
2024-03-27T12:28:01.622+01:00  INFO 59342 --- [           main] .s.d.r.c.RepositoryConfigurationDelegate : Bootstrapping Spring Data JPA repositories in DEFAULT mode.
2024-03-27T12:28:01.673+01:00  INFO 59342 --- [           main] .s.d.r.c.RepositoryConfigurationDelegate : Finished Spring Data repository scanning in 49 ms. Found 1 JPA repository interfaces.
2024-03-27T12:28:01.865+01:00  INFO 59342 --- [           main] o.s.b.w.embedded.tomcat.TomcatWebServer  : Tomcat initialized with port(s): 0 (http)
2024-03-27T12:28:01.870+01:00  INFO 59342 --- [           main] o.apache.catalina.core.StandardService   : Starting service [Tomcat]
2024-03-27T12:28:01.870+01:00  INFO 59342 --- [           main] o.apache.catalina.core.StandardEngine    : Starting Servlet engine: [Apache Tomcat/10.1.5]
2024-03-27T12:28:01.896+01:00  INFO 59342 --- [           main] o.a.c.c.C.[Tomcat].[localhost].[/]       : Initializing Spring embedded WebApplicationContext
2024-03-27T12:28:01.897+01:00  INFO 59342 --- [           main] w.s.c.ServletWebServerApplicationContext : Root WebApplicationContext: initialization completed in 515 ms
2024-03-27T12:28:01.939+01:00  INFO 59342 --- [           main] com.zaxxer.hikari.HikariDataSource       : HikariPool-1 - Starting...
2024-03-27T12:28:01.975+01:00  INFO 59342 --- [           main] com.zaxxer.hikari.pool.HikariPool        : HikariPool-1 - Added connection org.postgresql.jdbc.PgConnection@1d0dad12
2024-03-27T12:28:01.976+01:00  INFO 59342 --- [           main] com.zaxxer.hikari.HikariDataSource       : HikariPool-1 - Start completed.
2024-03-27T12:28:01.982+01:00  INFO 59342 --- [           main] o.f.c.i.database.base.BaseDatabaseType   : Database: jdbc:postgresql://localhost:5332/insuranceDatabase (PostgreSQL 15.2)
2024-03-27T12:28:01.995+01:00  INFO 59342 --- [           main] o.f.core.internal.command.DbValidate     : Successfully validated 0 migrations (execution time 00:00.004s)
2024-03-27T12:28:01.995+01:00  WARN 59342 --- [           main] o.f.core.internal.command.DbValidate     : No migrations found. Are your locations set up correctly?
2024-03-27T12:28:02.017+01:00  INFO 59342 --- [           main] o.f.core.internal.command.DbMigrate      : Current version of schema "public": << Empty Schema >>
2024-03-27T12:28:02.017+01:00  INFO 59342 --- [           main] o.f.core.internal.command.DbMigrate      : Schema "public" is up to date. No migration necessary.
2024-03-27T12:28:02.055+01:00  INFO 59342 --- [           main] o.hibernate.jpa.internal.util.LogHelper  : HHH000204: Processing PersistenceUnitInfo [name: default]
2024-03-27T12:28:02.078+01:00  INFO 59342 --- [           main] org.hibernate.Version                    : HHH000412: Hibernate ORM core version 6.1.7.Final
2024-03-27T12:28:02.192+01:00  INFO 59342 --- [           main] SQL dialect                              : HHH000400: Using dialect: org.hibernate.dialect.PostgreSQLDialect
2024-03-27T12:28:02.507+01:00  INFO 59342 --- [           main] o.h.e.t.j.p.i.JtaPlatformInitiator       : HHH000490: Using JtaPlatform implementation: [org.hibernate.engine.transaction.jta.platform.internal.NoJtaPlatform]
2024-03-27T12:28:02.510+01:00  INFO 59342 --- [           main] j.LocalContainerEntityManagerFactoryBean : Initialized JPA EntityManagerFactory for persistence unit 'default'
2024-03-27T12:28:02.687+01:00  WARN 59342 --- [           main] JpaBaseConfiguration$JpaWebConfiguration : spring.jpa.open-in-view is enabled by default. Therefore, database queries may be performed during view rendering. Explicitly configure spring.jpa.open-in-view to disable this warning
2024-03-27T12:28:02.852+01:00  INFO 59342 --- [           main] o.s.b.w.embedded.tomcat.TomcatWebServer  : Tomcat started on port(s): 64941 (http) with context path ''
2024-03-27T12:28:02.856+01:00  INFO 59342 --- [           main] c.i.j.InsuranceClientIntegrationTest     : Started InsuranceClientIntegrationTest in 1.583 seconds (process running for 5.771)
2024-03-27T12:28:03.058+01:00 ERROR 59342 --- [           main] i.n.r.d.DnsServerAddressStreamProviders  : Unable to load io.netty.resolver.dns.macos.MacOSDnsServerAddressStreamProvider, fallback to system defaults. This may result in incorrect DNS resolutions on MacOS. Check whether you have a dependency on 'io.netty:netty-resolver-dns-native-macos'. Use DEBUG level to see the full stack: java.lang.UnsatisfiedLinkError: failed to load the required native library
2024-03-27T12:28:03.166+01:00  INFO 59342 --- [o-auto-1-exec-1] o.a.c.c.C.[Tomcat].[localhost].[/]       : Initializing Spring DispatcherServlet 'dispatcherServlet'
2024-03-27T12:28:03.166+01:00  INFO 59342 --- [o-auto-1-exec-1] o.s.web.servlet.DispatcherServlet        : Initializing Servlet 'dispatcherServlet'
2024-03-27T12:28:03.167+01:00  INFO 59342 --- [o-auto-1-exec-1] o.s.web.servlet.DispatcherServlet        : Completed initialization in 1 ms
2024-03-27T12:28:03.192+01:00 ERROR 59342 --- [o-auto-1-exec-1] o.a.c.c.C.[.[.[/].[dispatcherServlet]    : Servlet.service() for servlet [dispatcherServlet] in context with path [] threw exception [Request processing failed: java.lang.RuntimeException: Invalid birthDate format] with root cause

java.lang.RuntimeException: Invalid birthDate format
	at com.insuranceApp.insuranceClient.InsuranceClientService.controller(InsuranceClientService.java:212) ~[classes/:na]
	at com.insuranceApp.insuranceClient.InsuranceClientController.addClient(InsuranceClientController.java:40) ~[classes/:na]
	at java.base/jdk.internal.reflect.DirectMethodHandleAccessor.invoke(DirectMethodHandleAccessor.java:104) ~[na:na]
	at java.base/java.lang.reflect.Method.invoke(Method.java:578) ~[na:na]
	at org.springframework.aop.support.AopUtils.invokeJoinpointUsingReflection(AopUtils.java:343) ~[spring-aop-6.0.6.jar:6.0.6]
	at org.springframework.aop.framework.CglibAopProxy$DynamicAdvisedInterceptor.intercept(CglibAopProxy.java:698) ~[spring-aop-6.0.6.jar:6.0.6]
	at com.insuranceApp.insuranceClient.InsuranceClientController$$SpringCGLIB$$0.addClient(<generated>) ~[classes/:na]
	at java.base/jdk.internal.reflect.DirectMethodHandleAccessor.invoke(DirectMethodHandleAccessor.java:104) ~[na:na]
	at java.base/java.lang.reflect.Method.invoke(Method.java:578) ~[na:na]
	at org.springframework.web.method.support.InvocableHandlerMethod.doInvoke(InvocableHandlerMethod.java:207) ~[spring-web-6.0.6.jar:6.0.6]
	at org.springframework.web.method.support.InvocableHandlerMethod.invokeForRequest(InvocableHandlerMethod.java:152) ~[spring-web-6.0.6.jar:6.0.6]
	at org.springframework.web.servlet.mvc.method.annotation.ServletInvocableHandlerMethod.invokeAndHandle(ServletInvocableHandlerMethod.java:117) ~[spring-webmvc-6.0.6.jar:6.0.6]
	at org.springframework.web.servlet.mvc.method.annotation.RequestMappingHandlerAdapter.invokeHandlerMethod(RequestMappingHandlerAdapter.java:884) ~[spring-webmvc-6.0.6.jar:6.0.6]
	at org.springframework.web.servlet.mvc.method.annotation.RequestMappingHandlerAdapter.handleInternal(RequestMappingHandlerAdapter.java:797) ~[spring-webmvc-6.0.6.jar:6.0.6]
	at org.springframework.web.servlet.mvc.method.AbstractHandlerMethodAdapter.handle(AbstractHandlerMethodAdapter.java:87) ~[spring-webmvc-6.0.6.jar:6.0.6]
	at org.springframework.web.servlet.DispatcherServlet.doDispatch(DispatcherServlet.java:1081) ~[spring-webmvc-6.0.6.jar:6.0.6]
	at org.springframework.web.servlet.DispatcherServlet.doService(DispatcherServlet.java:974) ~[spring-webmvc-6.0.6.jar:6.0.6]
	at org.springframework.web.servlet.FrameworkServlet.processRequest(FrameworkServlet.java:1011) ~[spring-webmvc-6.0.6.jar:6.0.6]
	at org.springframework.web.servlet.FrameworkServlet.doPost(FrameworkServlet.java:914) ~[spring-webmvc-6.0.6.jar:6.0.6]
	at jakarta.servlet.http.HttpServlet.service(HttpServlet.java:731) ~[tomcat-embed-core-10.1.5.jar:6.0]
	at org.springframework.web.servlet.FrameworkServlet.service(FrameworkServlet.java:885) ~[spring-webmvc-6.0.6.jar:6.0.6]
	at jakarta.servlet.http.HttpServlet.service(HttpServlet.java:814) ~[tomcat-embed-core-10.1.5.jar:6.0]
	at org.apache.catalina.core.ApplicationFilterChain.internalDoFilter(ApplicationFilterChain.java:223) ~[tomcat-embed-core-10.1.5.jar:10.1.5]
	at org.apache.catalina.core.ApplicationFilterChain.doFilter(ApplicationFilterChain.java:158) ~[tomcat-embed-core-10.1.5.jar:10.1.5]
	at org.apache.tomcat.websocket.server.WsFilter.doFilter(WsFilter.java:53) ~[tomcat-embed-websocket-10.1.5.jar:10.1.5]
	at org.apache.catalina.core.ApplicationFilterChain.internalDoFilter(ApplicationFilterChain.java:185) ~[tomcat-embed-core-10.1.5.jar:10.1.5]
	at org.apache.catalina.core.ApplicationFilterChain.doFilter(ApplicationFilterChain.java:158) ~[tomcat-embed-core-10.1.5.jar:10.1.5]
	at org.springframework.web.filter.RequestContextFilter.doFilterInternal(RequestContextFilter.java:100) ~[spring-web-6.0.6.jar:6.0.6]
	at org.springframework.web.filter.OncePerRequestFilter.doFilter(OncePerRequestFilter.java:116) ~[spring-web-6.0.6.jar:6.0.6]
	at org.apache.catalina.core.ApplicationFilterChain.internalDoFilter(ApplicationFilterChain.java:185) ~[tomcat-embed-core-10.1.5.jar:10.1.5]
	at org.apache.catalina.core.ApplicationFilterChain.doFilter(ApplicationFilterChain.java:158) ~[tomcat-embed-core-10.1.5.jar:10.1.5]
	at org.springframework.web.filter.FormContentFilter.doFilterInternal(FormContentFilter.java:93) ~[spring-web-6.0.6.jar:6.0.6]
	at org.springframework.web.filter.OncePerRequestFilter.doFilter(OncePerRequestFilter.java:116) ~[spring-web-6.0.6.jar:6.0.6]
	at org.apache.catalina.core.ApplicationFilterChain.internalDoFilter(ApplicationFilterChain.java:185) ~[tomcat-embed-core-10.1.5.jar:10.1.5]
	at org.apache.catalina.core.ApplicationFilterChain.doFilter(ApplicationFilterChain.java:158) ~[tomcat-embed-core-10.1.5.jar:10.1.5]
	at org.springframework.web.filter.CharacterEncodingFilter.doFilterInternal(CharacterEncodingFilter.java:201) ~[spring-web-6.0.6.jar:6.0.6]
	at org.springframework.web.filter.OncePerRequestFilter.doFilter(OncePerRequestFilter.java:116) ~[spring-web-6.0.6.jar:6.0.6]
	at org.apache.catalina.core.ApplicationFilterChain.internalDoFilter(ApplicationFilterChain.java:185) ~[tomcat-embed-core-10.1.5.jar:10.1.5]
	at org.apache.catalina.core.ApplicationFilterChain.doFilter(ApplicationFilterChain.java:158) ~[tomcat-embed-core-10.1.5.jar:10.1.5]
	at org.apache.catalina.core.StandardWrapperValve.invoke(StandardWrapperValve.java:177) ~[tomcat-embed-core-10.1.5.jar:10.1.5]
	at org.apache.catalina.core.StandardContextValve.invoke(StandardContextValve.java:97) ~[tomcat-embed-core-10.1.5.jar:10.1.5]
	at org.apache.catalina.authenticator.AuthenticatorBase.invoke(AuthenticatorBase.java:542) ~[tomcat-embed-core-10.1.5.jar:10.1.5]
	at org.apache.catalina.core.StandardHostValve.invoke(StandardHostValve.java:119) ~[tomcat-embed-core-10.1.5.jar:10.1.5]
	at org.apache.catalina.valves.ErrorReportValve.invoke(ErrorReportValve.java:92) ~[tomcat-embed-core-10.1.5.jar:10.1.5]
	at org.apache.catalina.core.StandardEngineValve.invoke(StandardEngineValve.java:78) ~[tomcat-embed-core-10.1.5.jar:10.1.5]
	at org.apache.catalina.connector.CoyoteAdapter.service(CoyoteAdapter.java:357) ~[tomcat-embed-core-10.1.5.jar:10.1.5]
	at org.apache.coyote.http11.Http11Processor.service(Http11Processor.java:400) ~[tomcat-embed-core-10.1.5.jar:10.1.5]
	at org.apache.coyote.AbstractProcessorLight.process(AbstractProcessorLight.java:65) ~[tomcat-embed-core-10.1.5.jar:10.1.5]
	at org.apache.coyote.AbstractProtocol$ConnectionHandler.process(AbstractProtocol.java:859) ~[tomcat-embed-core-10.1.5.jar:10.1.5]
	at org.apache.tomcat.util.net.NioEndpoint$SocketProcessor.doRun(NioEndpoint.java:1734) ~[tomcat-embed-core-10.1.5.jar:10.1.5]
	at org.apache.tomcat.util.net.SocketProcessorBase.run(SocketProcessorBase.java:52) ~[tomcat-embed-core-10.1.5.jar:10.1.5]
	at org.apache.tomcat.util.threads.ThreadPoolExecutor.runWorker(ThreadPoolExecutor.java:1191) ~[tomcat-embed-core-10.1.5.jar:10.1.5]
	at org.apache.tomcat.util.threads.ThreadPoolExecutor$Worker.run(ThreadPoolExecutor.java:659) ~[tomcat-embed-core-10.1.5.jar:10.1.5]
	at org.apache.tomcat.util.threads.TaskThread$WrappingRunnable.run(TaskThread.java:61) ~[tomcat-embed-core-10.1.5.jar:10.1.5]
	at java.base/java.lang.Thread.run(Thread.java:1623) ~[na:na]

2024-03-27T12:28:03.212+01:00 ERROR 59342 --- [           main] o.s.t.w.reactive.server.ExchangeResult   : Request details for assertion failure:

> POST http://localhost:64941/insuranceApp
> accept-encoding: [gzip]
> user-agent: [ReactorNetty/1.1.4]
> host: [localhost:64941]
> WebTestClient-Request-Id: [1]
> Accept: [application/json]
> Content-Type: [application/json]
> Content-Length: [360]

{"email":"Feil-b2a49cf4-f286-4809-8724-4a5ce66ad49f@mail.com","firstName":"John","lastName":"Doe","gender":"MALE","birthDate":"27/08/2003","phoneNumber":"+33612345678","country":"France","state":"Yvelines","city":"Chatou","postalCode":78400,"street":"15 Rue Auguste Renoir","ageRisk":"MEDIUM","healthRisk":"MEDIUM","jobRisk":"MEDIUM","livingAreaRisk":"MEDIUM"}

< 500 INTERNAL_SERVER_ERROR Internal Server Error
< Vary: [Origin, Access-Control-Request-Method, Access-Control-Request-Headers]
< Content-Type: [application/json]
< Transfer-Encoding: [chunked]
< Date: [Wed, 27 Mar 2024 11:28:03 GMT]
< Connection: [close]

{"timestamp":"2024-03-27T11:28:03.196+00:00","status":500,"error":"Internal Server Error","message":"Invalid birthDate format","path":"/insuranceApp"}

]]></system-out>
  </testcase>
  <testcase name="canDeleteClient" classname="com.insuranceApp.journey.InsuranceClientIntegrationTest" time="0.018">
    <failure message="Status expected:&lt;200 OK&gt; but was:&lt;500 INTERNAL_SERVER_ERROR&gt;" type="java.lang.AssertionError"><![CDATA[java.lang.AssertionError: Status expected:<200 OK> but was:<500 INTERNAL_SERVER_ERROR>
	at com.insuranceApp.journey.InsuranceClientIntegrationTest.canDeleteClient(InsuranceClientIntegrationTest.java:122)
]]></failure>
    <system-out><![CDATA[2024-03-27T12:28:03.231+01:00 ERROR 59342 --- [o-auto-1-exec-2] o.a.c.c.C.[.[.[/].[dispatcherServlet]    : Servlet.service() for servlet [dispatcherServlet] in context with path [] threw exception [Request processing failed: java.lang.RuntimeException: Invalid birthDate format] with root cause

java.lang.RuntimeException: Invalid birthDate format
	at com.insuranceApp.insuranceClient.InsuranceClientService.controller(InsuranceClientService.java:212) ~[classes/:na]
	at com.insuranceApp.insuranceClient.InsuranceClientController.addClient(InsuranceClientController.java:40) ~[classes/:na]
	at java.base/jdk.internal.reflect.DirectMethodHandleAccessor.invoke(DirectMethodHandleAccessor.java:104) ~[na:na]
	at java.base/java.lang.reflect.Method.invoke(Method.java:578) ~[na:na]
	at org.springframework.aop.support.AopUtils.invokeJoinpointUsingReflection(AopUtils.java:343) ~[spring-aop-6.0.6.jar:6.0.6]
	at org.springframework.aop.framework.CglibAopProxy$DynamicAdvisedInterceptor.intercept(CglibAopProxy.java:698) ~[spring-aop-6.0.6.jar:6.0.6]
	at com.insuranceApp.insuranceClient.InsuranceClientController$$SpringCGLIB$$0.addClient(<generated>) ~[classes/:na]
	at java.base/jdk.internal.reflect.DirectMethodHandleAccessor.invoke(DirectMethodHandleAccessor.java:104) ~[na:na]
	at java.base/java.lang.reflect.Method.invoke(Method.java:578) ~[na:na]
	at org.springframework.web.method.support.InvocableHandlerMethod.doInvoke(InvocableHandlerMethod.java:207) ~[spring-web-6.0.6.jar:6.0.6]
	at org.springframework.web.method.support.InvocableHandlerMethod.invokeForRequest(InvocableHandlerMethod.java:152) ~[spring-web-6.0.6.jar:6.0.6]
	at org.springframework.web.servlet.mvc.method.annotation.ServletInvocableHandlerMethod.invokeAndHandle(ServletInvocableHandlerMethod.java:117) ~[spring-webmvc-6.0.6.jar:6.0.6]
	at org.springframework.web.servlet.mvc.method.annotation.RequestMappingHandlerAdapter.invokeHandlerMethod(RequestMappingHandlerAdapter.java:884) ~[spring-webmvc-6.0.6.jar:6.0.6]
	at org.springframework.web.servlet.mvc.method.annotation.RequestMappingHandlerAdapter.handleInternal(RequestMappingHandlerAdapter.java:797) ~[spring-webmvc-6.0.6.jar:6.0.6]
	at org.springframework.web.servlet.mvc.method.AbstractHandlerMethodAdapter.handle(AbstractHandlerMethodAdapter.java:87) ~[spring-webmvc-6.0.6.jar:6.0.6]
	at org.springframework.web.servlet.DispatcherServlet.doDispatch(DispatcherServlet.java:1081) ~[spring-webmvc-6.0.6.jar:6.0.6]
	at org.springframework.web.servlet.DispatcherServlet.doService(DispatcherServlet.java:974) ~[spring-webmvc-6.0.6.jar:6.0.6]
	at org.springframework.web.servlet.FrameworkServlet.processRequest(FrameworkServlet.java:1011) ~[spring-webmvc-6.0.6.jar:6.0.6]
	at org.springframework.web.servlet.FrameworkServlet.doPost(FrameworkServlet.java:914) ~[spring-webmvc-6.0.6.jar:6.0.6]
	at jakarta.servlet.http.HttpServlet.service(HttpServlet.java:731) ~[tomcat-embed-core-10.1.5.jar:6.0]
	at org.springframework.web.servlet.FrameworkServlet.service(FrameworkServlet.java:885) ~[spring-webmvc-6.0.6.jar:6.0.6]
	at jakarta.servlet.http.HttpServlet.service(HttpServlet.java:814) ~[tomcat-embed-core-10.1.5.jar:6.0]
	at org.apache.catalina.core.ApplicationFilterChain.internalDoFilter(ApplicationFilterChain.java:223) ~[tomcat-embed-core-10.1.5.jar:10.1.5]
	at org.apache.catalina.core.ApplicationFilterChain.doFilter(ApplicationFilterChain.java:158) ~[tomcat-embed-core-10.1.5.jar:10.1.5]
	at org.apache.tomcat.websocket.server.WsFilter.doFilter(WsFilter.java:53) ~[tomcat-embed-websocket-10.1.5.jar:10.1.5]
	at org.apache.catalina.core.ApplicationFilterChain.internalDoFilter(ApplicationFilterChain.java:185) ~[tomcat-embed-core-10.1.5.jar:10.1.5]
	at org.apache.catalina.core.ApplicationFilterChain.doFilter(ApplicationFilterChain.java:158) ~[tomcat-embed-core-10.1.5.jar:10.1.5]
	at org.springframework.web.filter.RequestContextFilter.doFilterInternal(RequestContextFilter.java:100) ~[spring-web-6.0.6.jar:6.0.6]
	at org.springframework.web.filter.OncePerRequestFilter.doFilter(OncePerRequestFilter.java:116) ~[spring-web-6.0.6.jar:6.0.6]
	at org.apache.catalina.core.ApplicationFilterChain.internalDoFilter(ApplicationFilterChain.java:185) ~[tomcat-embed-core-10.1.5.jar:10.1.5]
	at org.apache.catalina.core.ApplicationFilterChain.doFilter(ApplicationFilterChain.java:158) ~[tomcat-embed-core-10.1.5.jar:10.1.5]
	at org.springframework.web.filter.FormContentFilter.doFilterInternal(FormContentFilter.java:93) ~[spring-web-6.0.6.jar:6.0.6]
	at org.springframework.web.filter.OncePerRequestFilter.doFilter(OncePerRequestFilter.java:116) ~[spring-web-6.0.6.jar:6.0.6]
	at org.apache.catalina.core.ApplicationFilterChain.internalDoFilter(ApplicationFilterChain.java:185) ~[tomcat-embed-core-10.1.5.jar:10.1.5]
	at org.apache.catalina.core.ApplicationFilterChain.doFilter(ApplicationFilterChain.java:158) ~[tomcat-embed-core-10.1.5.jar:10.1.5]
	at org.springframework.web.filter.CharacterEncodingFilter.doFilterInternal(CharacterEncodingFilter.java:201) ~[spring-web-6.0.6.jar:6.0.6]
	at org.springframework.web.filter.OncePerRequestFilter.doFilter(OncePerRequestFilter.java:116) ~[spring-web-6.0.6.jar:6.0.6]
	at org.apache.catalina.core.ApplicationFilterChain.internalDoFilter(ApplicationFilterChain.java:185) ~[tomcat-embed-core-10.1.5.jar:10.1.5]
	at org.apache.catalina.core.ApplicationFilterChain.doFilter(ApplicationFilterChain.java:158) ~[tomcat-embed-core-10.1.5.jar:10.1.5]
	at org.apache.catalina.core.StandardWrapperValve.invoke(StandardWrapperValve.java:177) ~[tomcat-embed-core-10.1.5.jar:10.1.5]
	at org.apache.catalina.core.StandardContextValve.invoke(StandardContextValve.java:97) ~[tomcat-embed-core-10.1.5.jar:10.1.5]
	at org.apache.catalina.authenticator.AuthenticatorBase.invoke(AuthenticatorBase.java:542) ~[tomcat-embed-core-10.1.5.jar:10.1.5]
	at org.apache.catalina.core.StandardHostValve.invoke(StandardHostValve.java:119) ~[tomcat-embed-core-10.1.5.jar:10.1.5]
	at org.apache.catalina.valves.ErrorReportValve.invoke(ErrorReportValve.java:92) ~[tomcat-embed-core-10.1.5.jar:10.1.5]
	at org.apache.catalina.core.StandardEngineValve.invoke(StandardEngineValve.java:78) ~[tomcat-embed-core-10.1.5.jar:10.1.5]
	at org.apache.catalina.connector.CoyoteAdapter.service(CoyoteAdapter.java:357) ~[tomcat-embed-core-10.1.5.jar:10.1.5]
	at org.apache.coyote.http11.Http11Processor.service(Http11Processor.java:400) ~[tomcat-embed-core-10.1.5.jar:10.1.5]
	at org.apache.coyote.AbstractProcessorLight.process(AbstractProcessorLight.java:65) ~[tomcat-embed-core-10.1.5.jar:10.1.5]
	at org.apache.coyote.AbstractProtocol$ConnectionHandler.process(AbstractProtocol.java:859) ~[tomcat-embed-core-10.1.5.jar:10.1.5]
	at org.apache.tomcat.util.net.NioEndpoint$SocketProcessor.doRun(NioEndpoint.java:1734) ~[tomcat-embed-core-10.1.5.jar:10.1.5]
	at org.apache.tomcat.util.net.SocketProcessorBase.run(SocketProcessorBase.java:52) ~[tomcat-embed-core-10.1.5.jar:10.1.5]
	at org.apache.tomcat.util.threads.ThreadPoolExecutor.runWorker(ThreadPoolExecutor.java:1191) ~[tomcat-embed-core-10.1.5.jar:10.1.5]
	at org.apache.tomcat.util.threads.ThreadPoolExecutor$Worker.run(ThreadPoolExecutor.java:659) ~[tomcat-embed-core-10.1.5.jar:10.1.5]
	at org.apache.tomcat.util.threads.TaskThread$WrappingRunnable.run(TaskThread.java:61) ~[tomcat-embed-core-10.1.5.jar:10.1.5]
	at java.base/java.lang.Thread.run(Thread.java:1623) ~[na:na]

2024-03-27T12:28:03.233+01:00 ERROR 59342 --- [           main] o.s.t.w.reactive.server.ExchangeResult   : Request details for assertion failure:

> POST http://localhost:64941/insuranceApp
> accept-encoding: [gzip]
> user-agent: [ReactorNetty/1.1.4]
> host: [localhost:64941]
> WebTestClient-Request-Id: [2]
> Accept: [application/json]
> Content-Type: [application/json]
> Content-Length: [360]

{"email":"Pagac-4a028f32-ba57-451a-9267-f996c1a57aa0@mail.com","firstName":"John","lastName":"Doe","gender":"MALE","birthDate":"27/08/2003","phoneNumber":"+3312345678","country":"France","state":"Yvelines","city":"Chatou","postalCode":78400,"street":"15 Rue Auguste Renoir","ageRisk":"MEDIUM","healthRisk":"MEDIUM","jobRisk":"MEDIUM","livingAreaRisk":"MEDIUM"}

< 500 INTERNAL_SERVER_ERROR Internal Server Error
< Vary: [Origin, Access-Control-Request-Method, Access-Control-Request-Headers]
< Content-Type: [application/json]
< Transfer-Encoding: [chunked]
< Date: [Wed, 27 Mar 2024 11:28:03 GMT]
< Connection: [close]

{"timestamp":"2024-03-27T11:28:03.232+00:00","status":500,"error":"Internal Server Error","message":"Invalid birthDate format","path":"/insuranceApp"}

]]></system-out>
  </testcase>
  <testcase name="canRegisterClient" classname="com.insuranceApp.journey.InsuranceClientIntegrationTest" time="0.015">
    <failure message="Status expected:&lt;200 OK&gt; but was:&lt;500 INTERNAL_SERVER_ERROR&gt;" type="java.lang.AssertionError"><![CDATA[java.lang.AssertionError: Status expected:<200 OK> but was:<500 INTERNAL_SERVER_ERROR>
	at com.insuranceApp.journey.InsuranceClientIntegrationTest.canRegisterClient(InsuranceClientIntegrationTest.java:58)
]]></failure>
    <system-out><![CDATA[2024-03-27T12:28:03.248+01:00 ERROR 59342 --- [o-auto-1-exec-3] o.a.c.c.C.[.[.[/].[dispatcherServlet]    : Servlet.service() for servlet [dispatcherServlet] in context with path [] threw exception [Request processing failed: java.lang.RuntimeException: Invalid birthDate format] with root cause

java.lang.RuntimeException: Invalid birthDate format
	at com.insuranceApp.insuranceClient.InsuranceClientService.controller(InsuranceClientService.java:212) ~[classes/:na]
	at com.insuranceApp.insuranceClient.InsuranceClientController.addClient(InsuranceClientController.java:40) ~[classes/:na]
	at java.base/jdk.internal.reflect.DirectMethodHandleAccessor.invoke(DirectMethodHandleAccessor.java:104) ~[na:na]
	at java.base/java.lang.reflect.Method.invoke(Method.java:578) ~[na:na]
	at org.springframework.aop.support.AopUtils.invokeJoinpointUsingReflection(AopUtils.java:343) ~[spring-aop-6.0.6.jar:6.0.6]
	at org.springframework.aop.framework.CglibAopProxy$DynamicAdvisedInterceptor.intercept(CglibAopProxy.java:698) ~[spring-aop-6.0.6.jar:6.0.6]
	at com.insuranceApp.insuranceClient.InsuranceClientController$$SpringCGLIB$$0.addClient(<generated>) ~[classes/:na]
	at java.base/jdk.internal.reflect.DirectMethodHandleAccessor.invoke(DirectMethodHandleAccessor.java:104) ~[na:na]
	at java.base/java.lang.reflect.Method.invoke(Method.java:578) ~[na:na]
	at org.springframework.web.method.support.InvocableHandlerMethod.doInvoke(InvocableHandlerMethod.java:207) ~[spring-web-6.0.6.jar:6.0.6]
	at org.springframework.web.method.support.InvocableHandlerMethod.invokeForRequest(InvocableHandlerMethod.java:152) ~[spring-web-6.0.6.jar:6.0.6]
	at org.springframework.web.servlet.mvc.method.annotation.ServletInvocableHandlerMethod.invokeAndHandle(ServletInvocableHandlerMethod.java:117) ~[spring-webmvc-6.0.6.jar:6.0.6]
	at org.springframework.web.servlet.mvc.method.annotation.RequestMappingHandlerAdapter.invokeHandlerMethod(RequestMappingHandlerAdapter.java:884) ~[spring-webmvc-6.0.6.jar:6.0.6]
	at org.springframework.web.servlet.mvc.method.annotation.RequestMappingHandlerAdapter.handleInternal(RequestMappingHandlerAdapter.java:797) ~[spring-webmvc-6.0.6.jar:6.0.6]
	at org.springframework.web.servlet.mvc.method.AbstractHandlerMethodAdapter.handle(AbstractHandlerMethodAdapter.java:87) ~[spring-webmvc-6.0.6.jar:6.0.6]
	at org.springframework.web.servlet.DispatcherServlet.doDispatch(DispatcherServlet.java:1081) ~[spring-webmvc-6.0.6.jar:6.0.6]
	at org.springframework.web.servlet.DispatcherServlet.doService(DispatcherServlet.java:974) ~[spring-webmvc-6.0.6.jar:6.0.6]
	at org.springframework.web.servlet.FrameworkServlet.processRequest(FrameworkServlet.java:1011) ~[spring-webmvc-6.0.6.jar:6.0.6]
	at org.springframework.web.servlet.FrameworkServlet.doPost(FrameworkServlet.java:914) ~[spring-webmvc-6.0.6.jar:6.0.6]
	at jakarta.servlet.http.HttpServlet.service(HttpServlet.java:731) ~[tomcat-embed-core-10.1.5.jar:6.0]
	at org.springframework.web.servlet.FrameworkServlet.service(FrameworkServlet.java:885) ~[spring-webmvc-6.0.6.jar:6.0.6]
	at jakarta.servlet.http.HttpServlet.service(HttpServlet.java:814) ~[tomcat-embed-core-10.1.5.jar:6.0]
	at org.apache.catalina.core.ApplicationFilterChain.internalDoFilter(ApplicationFilterChain.java:223) ~[tomcat-embed-core-10.1.5.jar:10.1.5]
	at org.apache.catalina.core.ApplicationFilterChain.doFilter(ApplicationFilterChain.java:158) ~[tomcat-embed-core-10.1.5.jar:10.1.5]
	at org.apache.tomcat.websocket.server.WsFilter.doFilter(WsFilter.java:53) ~[tomcat-embed-websocket-10.1.5.jar:10.1.5]
	at org.apache.catalina.core.ApplicationFilterChain.internalDoFilter(ApplicationFilterChain.java:185) ~[tomcat-embed-core-10.1.5.jar:10.1.5]
	at org.apache.catalina.core.ApplicationFilterChain.doFilter(ApplicationFilterChain.java:158) ~[tomcat-embed-core-10.1.5.jar:10.1.5]
	at org.springframework.web.filter.RequestContextFilter.doFilterInternal(RequestContextFilter.java:100) ~[spring-web-6.0.6.jar:6.0.6]
	at org.springframework.web.filter.OncePerRequestFilter.doFilter(OncePerRequestFilter.java:116) ~[spring-web-6.0.6.jar:6.0.6]
	at org.apache.catalina.core.ApplicationFilterChain.internalDoFilter(ApplicationFilterChain.java:185) ~[tomcat-embed-core-10.1.5.jar:10.1.5]
	at org.apache.catalina.core.ApplicationFilterChain.doFilter(ApplicationFilterChain.java:158) ~[tomcat-embed-core-10.1.5.jar:10.1.5]
	at org.springframework.web.filter.FormContentFilter.doFilterInternal(FormContentFilter.java:93) ~[spring-web-6.0.6.jar:6.0.6]
	at org.springframework.web.filter.OncePerRequestFilter.doFilter(OncePerRequestFilter.java:116) ~[spring-web-6.0.6.jar:6.0.6]
	at org.apache.catalina.core.ApplicationFilterChain.internalDoFilter(ApplicationFilterChain.java:185) ~[tomcat-embed-core-10.1.5.jar:10.1.5]
	at org.apache.catalina.core.ApplicationFilterChain.doFilter(ApplicationFilterChain.java:158) ~[tomcat-embed-core-10.1.5.jar:10.1.5]
	at org.springframework.web.filter.CharacterEncodingFilter.doFilterInternal(CharacterEncodingFilter.java:201) ~[spring-web-6.0.6.jar:6.0.6]
	at org.springframework.web.filter.OncePerRequestFilter.doFilter(OncePerRequestFilter.java:116) ~[spring-web-6.0.6.jar:6.0.6]
	at org.apache.catalina.core.ApplicationFilterChain.internalDoFilter(ApplicationFilterChain.java:185) ~[tomcat-embed-core-10.1.5.jar:10.1.5]
	at org.apache.catalina.core.ApplicationFilterChain.doFilter(ApplicationFilterChain.java:158) ~[tomcat-embed-core-10.1.5.jar:10.1.5]
	at org.apache.catalina.core.StandardWrapperValve.invoke(StandardWrapperValve.java:177) ~[tomcat-embed-core-10.1.5.jar:10.1.5]
	at org.apache.catalina.core.StandardContextValve.invoke(StandardContextValve.java:97) ~[tomcat-embed-core-10.1.5.jar:10.1.5]
	at org.apache.catalina.authenticator.AuthenticatorBase.invoke(AuthenticatorBase.java:542) ~[tomcat-embed-core-10.1.5.jar:10.1.5]
	at org.apache.catalina.core.StandardHostValve.invoke(StandardHostValve.java:119) ~[tomcat-embed-core-10.1.5.jar:10.1.5]
	at org.apache.catalina.valves.ErrorReportValve.invoke(ErrorReportValve.java:92) ~[tomcat-embed-core-10.1.5.jar:10.1.5]
	at org.apache.catalina.core.StandardEngineValve.invoke(StandardEngineValve.java:78) ~[tomcat-embed-core-10.1.5.jar:10.1.5]
	at org.apache.catalina.connector.CoyoteAdapter.service(CoyoteAdapter.java:357) ~[tomcat-embed-core-10.1.5.jar:10.1.5]
	at org.apache.coyote.http11.Http11Processor.service(Http11Processor.java:400) ~[tomcat-embed-core-10.1.5.jar:10.1.5]
	at org.apache.coyote.AbstractProcessorLight.process(AbstractProcessorLight.java:65) ~[tomcat-embed-core-10.1.5.jar:10.1.5]
	at org.apache.coyote.AbstractProtocol$ConnectionHandler.process(AbstractProtocol.java:859) ~[tomcat-embed-core-10.1.5.jar:10.1.5]
	at org.apache.tomcat.util.net.NioEndpoint$SocketProcessor.doRun(NioEndpoint.java:1734) ~[tomcat-embed-core-10.1.5.jar:10.1.5]
	at org.apache.tomcat.util.net.SocketProcessorBase.run(SocketProcessorBase.java:52) ~[tomcat-embed-core-10.1.5.jar:10.1.5]
	at org.apache.tomcat.util.threads.ThreadPoolExecutor.runWorker(ThreadPoolExecutor.java:1191) ~[tomcat-embed-core-10.1.5.jar:10.1.5]
	at org.apache.tomcat.util.threads.ThreadPoolExecutor$Worker.run(ThreadPoolExecutor.java:659) ~[tomcat-embed-core-10.1.5.jar:10.1.5]
	at org.apache.tomcat.util.threads.TaskThread$WrappingRunnable.run(TaskThread.java:61) ~[tomcat-embed-core-10.1.5.jar:10.1.5]
	at java.base/java.lang.Thread.run(Thread.java:1623) ~[na:na]

2024-03-27T12:28:03.250+01:00 ERROR 59342 --- [           main] o.s.t.w.reactive.server.ExchangeResult   : Request details for assertion failure:

> POST http://localhost:64941/insuranceApp
> accept-encoding: [gzip]
> user-agent: [ReactorNetty/1.1.4]
> host: [localhost:64941]
> WebTestClient-Request-Id: [3]
> Accept: [application/json]
> Content-Type: [application/json]
> Content-Length: [365]

{"email":"Daugherty-3f136d0f-4d79-4a88-999e-da6f3834be51@mail.com","firstName":"John","lastName":"Doe","gender":"MALE","birthDate":"27/08/2003","phoneNumber":"+33612345678","country":"France","state":"Yvelines","city":"Chatou","postalCode":78400,"street":"15 Rue Auguste Renoir","ageRisk":"MEDIUM","healthRisk":"MEDIUM","jobRisk":"MEDIUM","livingAreaRisk":"MEDIUM"}

< 500 INTERNAL_SERVER_ERROR Internal Server Error
< Vary: [Origin, Access-Control-Request-Method, Access-Control-Request-Headers]
< Content-Type: [application/json]
< Transfer-Encoding: [chunked]
< Date: [Wed, 27 Mar 2024 11:28:03 GMT]
< Connection: [close]

{"timestamp":"2024-03-27T11:28:03.249+00:00","status":500,"error":"Internal Server Error","message":"Invalid birthDate format","path":"/insuranceApp"}

]]></system-out>
  </testcase>
</testsuite>